#
# There is insufficient memory for the Java Runtime Environment to continue.
# Native memory allocation (mmap) failed to map 144703488 bytes for G1 virtual space
# Possible reasons:
#   The system is out of physical RAM or swap space
#   The process is running with CompressedOops enabled, and the Java Heap may be blocking the growth of the native heap
# Possible solutions:
#   Reduce memory load on the system
#   Increase physical memory or swap space
#   Check if swap backing store is full
#   Decrease Java heap size (-Xmx/-Xms)
#   Decrease number of Java threads
#   Decrease Java thread stack sizes (-Xss)
#   Set larger code cache with -XX:ReservedCodeCacheSize=
#   JVM is running with Unscaled Compressed Oops mode in which the Java heap is
#     placed in the first 4GB address space. The Java Heap base address is the
#     maximum limit for the native heap growth. Please use -XX:HeapBaseMinAddress
#     to set the Java Heap base and to place the Java Heap above 4GB virtual address.
# This output file may be truncated or incomplete.
#
#  Out of Memory Error (os_windows.cpp:3769), pid=13024, tid=11416
#
# JRE version: OpenJDK Runtime Environment (17.0.6) (build 17.0.6+0-b2043.56-9586694)
# Java VM: OpenJDK 64-Bit Server VM (17.0.6+0-b2043.56-9586694, mixed mode, tiered, compressed oops, compressed class ptrs, g1 gc, windows-amd64)
# No core dump will be written. Minidumps are not enabled by default on client versions of Windows
#

---------------  S U M M A R Y ------------

Command Line: --add-opens=java.base/java.util=ALL-UNNAMED --add-opens=java.base/java.lang=ALL-UNNAMED --add-opens=java.base/java.lang.invoke=ALL-UNNAMED --add-opens=java.prefs/java.util.prefs=ALL-UNNAMED --add-opens=java.base/java.nio.charset=ALL-UNNAMED --add-opens=java.base/java.net=ALL-UNNAMED --add-opens=java.base/java.util.concurrent.atomic=ALL-UNNAMED -Xmx2048m -Dfile.encoding=UTF-8 -Duser.country=SV -Duser.language=es -Duser.variant org.gradle.launcher.daemon.bootstrap.GradleDaemon 8.0

Host: 11th Gen Intel(R) Core(TM) i5-1135G7 @ 2.40GHz, 8 cores, 7G,  Windows 11 , 64 bit Build 22621 (10.0.22621.2215)
Time: Wed Oct  4 14:24:40 2023 Hora estándar, América Central elapsed time: 14.114941 seconds (0d 0h 0m 14s)

---------------  T H R E A D  ---------------

Current thread (0x0000016920e0ca00):  VMThread "VM Thread" [stack: 0x00000051d2d00000,0x00000051d2e00000] [id=11416]

Stack: [0x00000051d2d00000,0x00000051d2e00000]
Native frames: (J=compiled Java code, j=interpreted, Vv=VM code, C=native code)
V  [jvm.dll+0x683b4a]
V  [jvm.dll+0x842654]
V  [jvm.dll+0x843dfe]
V  [jvm.dll+0x844463]
V  [jvm.dll+0x249b75]
V  [jvm.dll+0x680a19]
V  [jvm.dll+0x674f0a]
V  [jvm.dll+0x309acb]
V  [jvm.dll+0x310f86]
V  [jvm.dll+0x3608ee]
V  [jvm.dll+0x360b1f]
V  [jvm.dll+0x2dfbf8]
V  [jvm.dll+0x2ddec4]
V  [jvm.dll+0x2dd4cc]
V  [jvm.dll+0x321f3b]
V  [jvm.dll+0x84893b]
V  [jvm.dll+0x849674]
V  [jvm.dll+0x849b8d]
V  [jvm.dll+0x849f64]
V  [jvm.dll+0x84a030]
V  [jvm.dll+0x7f25fa]
V  [jvm.dll+0x682985]
C  [ucrtbase.dll+0x29363]
C  [KERNEL32.DLL+0x1257d]
C  [ntdll.dll+0x5aa68]

VM_Operation (0x00000051d4ffd8f0): G1CollectForAllocation, mode: safepoint, requested by thread 0x0000016922b79610


---------------  P R O C E S S  ---------------

Threads class SMR info:
_java_thread_list=0x0000016926dd9550, length=137, elements={
0x0000016906f892e0, 0x0000016921813270, 0x0000016921813e20, 0x0000016920e23d80,
0x0000016920e24930, 0x0000016920e254f0, 0x0000016921837030, 0x0000016921837ee0,
0x000001692183af70, 0x000001692183f0e0, 0x00000169219bac30, 0x00000169219bc140,
0x0000016922c95f70, 0x00000169230f4ff0, 0x0000016922f04530, 0x0000016923e003b0,
0x00000169231dd990, 0x0000016922b76120, 0x0000016922b79140, 0x0000016922b78c70,
0x0000016922b787a0, 0x0000016922b782d0, 0x0000016922b79ae0, 0x0000016922b76ac0,
0x0000016922b79610, 0x0000016922b76f90, 0x0000016922b77930, 0x0000016922b77e00,
0x0000016925ed0c50, 0x0000016925ed4610, 0x0000016925ecef70, 0x0000016925ed4140,
0x0000016925ed5950, 0x0000016925ed1ac0, 0x00000169265eaa00, 0x0000016925ed15f0,
0x0000016925ed2930, 0x0000016925ed4ae0, 0x0000016925ed4fb0, 0x0000016925ed2460,
0x0000016925ed32d0, 0x0000016925ed5e20, 0x0000016925eceaa0, 0x0000016925ecf440,
0x0000016925ecfde0, 0x0000016925ecf910, 0x0000016925ed0780, 0x000001692322ad40,
0x000001692322d890, 0x000001692322e700, 0x0000016923229060, 0x0000016923227380,
0x000001692322c080, 0x000001692322ca20, 0x000001692322b210, 0x0000016923227d20,
0x0000016923229ed0, 0x000001692322a3a0, 0x000001692322c550, 0x000001692322e230,
0x00000169232281f0, 0x0000016923227850, 0x000001692322cef0, 0x000001692322dd60,
0x000001692322b6e0, 0x000001692322d3c0, 0x00000169232286c0, 0x0000016923228b90,
0x0000016923226eb0, 0x0000016923229530, 0x0000016923229a00, 0x000001692322bbb0,
0x000001692322a870, 0x00000169265db160, 0x00000169265db630, 0x00000169265d9e20,
0x00000169265de650, 0x00000169265dc4a0, 0x00000169265dac90, 0x00000169265d77a0,
0x00000169265d8140, 0x00000169265deb20, 0x00000169265dd310, 0x00000169265dbb00,
0x00000169265dd7e0, 0x00000169265da2f0, 0x00000169265d8610, 0x00000169265de180,
0x00000169265ddcb0, 0x00000169265deff0, 0x00000169265d7c70, 0x00000169265da7c0,
0x00000169265dbfd0, 0x00000169265dc970, 0x00000169265dce40, 0x00000169265d9480,
0x00000169265d8ae0, 0x00000169265d8fb0, 0x00000169265d9950, 0x0000016921b52710,
0x0000016921b55730, 0x0000016921b52be0, 0x0000016921b530b0, 0x0000016921b548c0,
0x0000016921b543f0, 0x0000016921b55c00, 0x0000016921b518a0, 0x0000016921b53a50,
0x0000016921b51d70, 0x0000016921b4f6f0, 0x0000016921b53580, 0x0000016921b53f20,
0x0000016921b50f00, 0x0000016921b54d90, 0x0000016921b55260, 0x0000016921b52240,
0x0000016921b560d0, 0x0000016921b565a0, 0x0000016921b56a70, 0x0000016921b56f40,
0x0000016921b50090, 0x0000016921b4fbc0, 0x0000016921b50560, 0x0000016921b50a30,
0x00000169299dadb0, 0x00000169299dec40, 0x00000169299d9a70, 0x00000169299db280,
0x00000169299dc0f0, 0x00000169299dca90, 0x00000169299dcf60, 0x00000169299df5e0,
0x00000169299df110, 0x00000169299d9f40, 0x00000169299dd430, 0x00000169299dd900,
0x00000169299de2a0
}

Java Threads: ( => current thread )
  0x0000016906f892e0 JavaThread "main" [_thread_blocked, id=18256, stack(0x00000051d2700000,0x00000051d2800000)]
  0x0000016921813270 JavaThread "Reference Handler" daemon [_thread_blocked, id=11716, stack(0x00000051d2e00000,0x00000051d2f00000)]
  0x0000016921813e20 JavaThread "Finalizer" daemon [_thread_blocked, id=12644, stack(0x00000051d2f00000,0x00000051d3000000)]
  0x0000016920e23d80 JavaThread "Signal Dispatcher" daemon [_thread_blocked, id=9344, stack(0x00000051d3000000,0x00000051d3100000)]
  0x0000016920e24930 JavaThread "Attach Listener" daemon [_thread_blocked, id=852, stack(0x00000051d3100000,0x00000051d3200000)]
  0x0000016920e254f0 JavaThread "Service Thread" daemon [_thread_blocked, id=10464, stack(0x00000051d3200000,0x00000051d3300000)]
  0x0000016921837030 JavaThread "Monitor Deflation Thread" daemon [_thread_blocked, id=17788, stack(0x00000051d3300000,0x00000051d3400000)]
  0x0000016921837ee0 JavaThread "C2 CompilerThread0" daemon [_thread_blocked, id=17900, stack(0x00000051d3400000,0x00000051d3500000)]
  0x000001692183af70 JavaThread "C1 CompilerThread0" daemon [_thread_blocked, id=3192, stack(0x00000051d3500000,0x00000051d3600000)]
  0x000001692183f0e0 JavaThread "Sweeper thread" daemon [_thread_blocked, id=11224, stack(0x00000051d3600000,0x00000051d3700000)]
  0x00000169219bac30 JavaThread "Common-Cleaner" daemon [_thread_blocked, id=12400, stack(0x00000051d3700000,0x00000051d3800000)]
  0x00000169219bc140 JavaThread "Notification Thread" daemon [_thread_blocked, id=15516, stack(0x00000051d3800000,0x00000051d3900000)]
  0x0000016922c95f70 JavaThread "Daemon health stats" [_thread_blocked, id=12524, stack(0x00000051d3e00000,0x00000051d3f00000)]
  0x00000169230f4ff0 JavaThread "Incoming local TCP Connector on port 56352" [_thread_in_native, id=16020, stack(0x00000051d3f00000,0x00000051d4000000)]
  0x0000016922f04530 JavaThread "Daemon periodic checks" [_thread_blocked, id=15356, stack(0x00000051d4000000,0x00000051d4100000)]
  0x0000016923e003b0 JavaThread "Daemon" [_thread_blocked, id=4284, stack(0x00000051d4200000,0x00000051d4300000)]
  0x00000169231dd990 JavaThread "Handler for socket connection from /127.0.0.1:56352 to /127.0.0.1:56353" [_thread_in_native, id=19380, stack(0x00000051d4300000,0x00000051d4400000)]
  0x0000016922b76120 JavaThread "Cancel handler" [_thread_blocked, id=3548, stack(0x00000051d4400000,0x00000051d4500000)]
  0x0000016922b79140 JavaThread "Daemon worker" [_thread_blocked, id=18940, stack(0x00000051d4500000,0x00000051d4600000)]
  0x0000016922b78c70 JavaThread "Asynchronous log dispatcher for DefaultDaemonConnection: socket connection from /127.0.0.1:56352 to /127.0.0.1:56353" [_thread_blocked, id=16780, stack(0x00000051d4600000,0x00000051d4700000)]
  0x0000016922b787a0 JavaThread "Stdin handler" [_thread_blocked, id=18632, stack(0x00000051d4700000,0x00000051d4800000)]
  0x0000016922b782d0 JavaThread "Daemon client event forwarder" [_thread_blocked, id=18620, stack(0x00000051d4800000,0x00000051d4900000)]
  0x0000016922b79ae0 JavaThread "Cache worker for journal cache (C:\Users\elvis\.gradle\caches\journal-1)" [_thread_blocked, id=9136, stack(0x00000051d4d00000,0x00000051d4e00000)]
  0x0000016922b76ac0 JavaThread "File lock request listener" [_thread_in_native, id=7172, stack(0x00000051d4e00000,0x00000051d4f00000)]
  0x0000016922b79610 JavaThread "Cache worker for file hash cache (C:\Users\elvis\.gradle\caches\8.0\fileHashes)" [_thread_blocked, id=8528, stack(0x00000051d4f00000,0x00000051d5000000)]
  0x0000016922b76f90 JavaThread "File watcher server" daemon [_thread_blocked, id=7840, stack(0x00000051d5000000,0x00000051d5100000)]
  0x0000016922b77930 JavaThread "File watcher consumer" daemon [_thread_blocked, id=11864, stack(0x00000051d5100000,0x00000051d5200000)]
  0x0000016922b77e00 JavaThread "Cache worker for checksums cache (C:\Users\elvis\AndroidStudioProjects\AppClinicaCitas\.gradle\8.0\checksums)" [_thread_blocked, id=12012, stack(0x00000051d5200000,0x00000051d5300000)]
  0x0000016925ed0c50 JavaThread "Cache worker for cache directory md-rule (C:\Users\elvis\.gradle\caches\8.0\md-rule)" [_thread_blocked, id=18208, stack(0x00000051d5300000,0x00000051d5400000)]
  0x0000016925ed4610 JavaThread "Cache worker for file content cache (C:\Users\elvis\.gradle\caches\8.0\fileContent)" [_thread_blocked, id=776, stack(0x00000051d5400000,0x00000051d5500000)]
  0x0000016925ecef70 JavaThread "Cache worker for file hash cache (C:\Users\elvis\AndroidStudioProjects\AppClinicaCitas\.gradle\8.0\fileHashes)" [_thread_blocked, id=1728, stack(0x00000051d5500000,0x00000051d5600000)]
  0x0000016925ed4140 JavaThread "Cache worker for cache directory md-supplier (C:\Users\elvis\.gradle\caches\8.0\md-supplier)" [_thread_blocked, id=16576, stack(0x00000051d5600000,0x00000051d5700000)]
  0x0000016925ed5950 JavaThread "Cache worker for execution history cache (C:\Users\elvis\.gradle\caches\8.0\executionHistory)" [_thread_blocked, id=6652, stack(0x00000051d5700000,0x00000051d5800000)]
  0x0000016925ed1ac0 JavaThread "jar transforms" [_thread_blocked, id=3012, stack(0x00000051d4100000,0x00000051d4200000)]
  0x00000169265eaa00 JavaThread "C2 CompilerThread1" daemon [_thread_blocked, id=5136, stack(0x00000051d5800000,0x00000051d5900000)]
  0x0000016925ed15f0 JavaThread "jar transforms Thread 2" [_thread_blocked, id=18160, stack(0x00000051d5900000,0x00000051d5a00000)]
  0x0000016925ed2930 JavaThread "jar transforms Thread 3" [_thread_blocked, id=17400, stack(0x00000051d5b00000,0x00000051d5c00000)]
  0x0000016925ed4ae0 JavaThread "jar transforms Thread 4" [_thread_blocked, id=16284, stack(0x00000051d5c00000,0x00000051d5d00000)]
  0x0000016925ed4fb0 JavaThread "Cache worker for dependencies-accessors (C:\Users\elvis\AndroidStudioProjects\AppClinicaCitas\.gradle\8.0\dependencies-accessors)" [_thread_blocked, id=18808, stack(0x00000051d5d00000,0x00000051d5e00000)]
  0x0000016925ed2460 JavaThread "jar transforms Thread 5" [_thread_blocked, id=11284, stack(0x00000051d5e00000,0x00000051d5f00000)]
  0x0000016925ed32d0 JavaThread "Cache worker for Build Output Cleanup Cache (C:\Users\elvis\AndroidStudioProjects\AppClinicaCitas\.gradle\buildOutputCleanup)" [_thread_blocked, id=4428, stack(0x00000051d5f00000,0x00000051d6000000)]
  0x0000016925ed5e20 JavaThread "Unconstrained build operations" [_thread_blocked, id=7492, stack(0x00000051d6000000,0x00000051d6100000)]
  0x0000016925eceaa0 JavaThread "Unconstrained build operations Thread 2" [_thread_blocked, id=844, stack(0x00000051d6100000,0x00000051d6200000)]
  0x0000016925ecf440 JavaThread "Unconstrained build operations Thread 3" [_thread_blocked, id=8068, stack(0x00000051d6200000,0x00000051d6300000)]
  0x0000016925ecfde0 JavaThread "Unconstrained build operations Thread 4" [_thread_blocked, id=12612, stack(0x00000051d6300000,0x00000051d6400000)]
  0x0000016925ecf910 JavaThread "Unconstrained build operations Thread 5" [_thread_blocked, id=1092, stack(0x00000051d6400000,0x00000051d6500000)]
  0x0000016925ed0780 JavaThread "Unconstrained build operations Thread 6" [_thread_blocked, id=13332, stack(0x00000051d6500000,0x00000051d6600000)]
  0x000001692322ad40 JavaThread "Unconstrained build operations Thread 7" [_thread_blocked, id=3132, stack(0x00000051d6600000,0x00000051d6700000)]
  0x000001692322d890 JavaThread "Unconstrained build operations Thread 8" [_thread_blocked, id=14376, stack(0x00000051d6700000,0x00000051d6800000)]
  0x000001692322e700 JavaThread "Unconstrained build operations Thread 9" [_thread_blocked, id=6680, stack(0x00000051d6800000,0x00000051d6900000)]
  0x0000016923229060 JavaThread "Unconstrained build operations Thread 10" [_thread_blocked, id=7120, stack(0x00000051d6900000,0x00000051d6a00000)]
  0x0000016923227380 JavaThread "Unconstrained build operations Thread 11" [_thread_blocked, id=1880, stack(0x00000051d6a00000,0x00000051d6b00000)]
  0x000001692322c080 JavaThread "Unconstrained build operations Thread 12" [_thread_blocked, id=14196, stack(0x00000051d6b00000,0x00000051d6c00000)]
  0x000001692322ca20 JavaThread "Unconstrained build operations Thread 13" [_thread_blocked, id=14608, stack(0x00000051d6c00000,0x00000051d6d00000)]
  0x000001692322b210 JavaThread "Unconstrained build operations Thread 14" [_thread_blocked, id=11152, stack(0x00000051d6d00000,0x00000051d6e00000)]
  0x0000016923227d20 JavaThread "Unconstrained build operations Thread 15" [_thread_blocked, id=19324, stack(0x00000051d6e00000,0x00000051d6f00000)]
  0x0000016923229ed0 JavaThread "Unconstrained build operations Thread 16" [_thread_blocked, id=14100, stack(0x00000051d6f00000,0x00000051d7000000)]
  0x000001692322a3a0 JavaThread "Unconstrained build operations Thread 17" [_thread_blocked, id=12032, stack(0x00000051d7000000,0x00000051d7100000)]
  0x000001692322c550 JavaThread "Unconstrained build operations Thread 18" [_thread_blocked, id=9536, stack(0x00000051d7100000,0x00000051d7200000)]
  0x000001692322e230 JavaThread "Unconstrained build operations Thread 19" [_thread_blocked, id=14080, stack(0x00000051d7200000,0x00000051d7300000)]
  0x00000169232281f0 JavaThread "Unconstrained build operations Thread 20" [_thread_blocked, id=18012, stack(0x00000051d7300000,0x00000051d7400000)]
  0x0000016923227850 JavaThread "Unconstrained build operations Thread 21" [_thread_blocked, id=17020, stack(0x00000051d7400000,0x00000051d7500000)]
  0x000001692322cef0 JavaThread "Unconstrained build operations Thread 22" [_thread_blocked, id=19256, stack(0x00000051d7500000,0x00000051d7600000)]
  0x000001692322dd60 JavaThread "Unconstrained build operations Thread 23" [_thread_blocked, id=8512, stack(0x00000051d7600000,0x00000051d7700000)]
  0x000001692322b6e0 JavaThread "Unconstrained build operations Thread 24" [_thread_blocked, id=17152, stack(0x00000051d7700000,0x00000051d7800000)]
  0x000001692322d3c0 JavaThread "Unconstrained build operations Thread 25" [_thread_blocked, id=9444, stack(0x00000051d7800000,0x00000051d7900000)]
  0x00000169232286c0 JavaThread "Unconstrained build operations Thread 26" [_thread_blocked, id=11988, stack(0x00000051d7900000,0x00000051d7a00000)]
  0x0000016923228b90 JavaThread "Unconstrained build operations Thread 27" [_thread_blocked, id=9580, stack(0x00000051d7a00000,0x00000051d7b00000)]
  0x0000016923226eb0 JavaThread "Unconstrained build operations Thread 28" [_thread_blocked, id=164, stack(0x00000051d7b00000,0x00000051d7c00000)]
  0x0000016923229530 JavaThread "Unconstrained build operations Thread 29" [_thread_blocked, id=16628, stack(0x00000051d7c00000,0x00000051d7d00000)]
  0x0000016923229a00 JavaThread "Unconstrained build operations Thread 30" [_thread_blocked, id=12716, stack(0x00000051d7d00000,0x00000051d7e00000)]
  0x000001692322bbb0 JavaThread "Unconstrained build operations Thread 31" [_thread_blocked, id=2052, stack(0x00000051d7e00000,0x00000051d7f00000)]
  0x000001692322a870 JavaThread "Unconstrained build operations Thread 32" [_thread_blocked, id=15092, stack(0x00000051d7f00000,0x00000051d8000000)]
  0x00000169265db160 JavaThread "Unconstrained build operations Thread 33" [_thread_blocked, id=12968, stack(0x00000051d8000000,0x00000051d8100000)]
  0x00000169265db630 JavaThread "Unconstrained build operations Thread 34" [_thread_blocked, id=16204, stack(0x00000051d8100000,0x00000051d8200000)]
  0x00000169265d9e20 JavaThread "Unconstrained build operations Thread 35" [_thread_blocked, id=14064, stack(0x00000051d8200000,0x00000051d8300000)]
  0x00000169265de650 JavaThread "Unconstrained build operations Thread 36" [_thread_blocked, id=16804, stack(0x00000051d8300000,0x00000051d8400000)]
  0x00000169265dc4a0 JavaThread "Unconstrained build operations Thread 37" [_thread_blocked, id=19360, stack(0x00000051d8400000,0x00000051d8500000)]
  0x00000169265dac90 JavaThread "Unconstrained build operations Thread 38" [_thread_blocked, id=13156, stack(0x00000051d8500000,0x00000051d8600000)]
  0x00000169265d77a0 JavaThread "Unconstrained build operations Thread 39" [_thread_blocked, id=12324, stack(0x00000051d8600000,0x00000051d8700000)]
  0x00000169265d8140 JavaThread "Unconstrained build operations Thread 40" [_thread_blocked, id=16960, stack(0x00000051d8700000,0x00000051d8800000)]
  0x00000169265deb20 JavaThread "Unconstrained build operations Thread 41" [_thread_blocked, id=3220, stack(0x00000051d8800000,0x00000051d8900000)]
  0x00000169265dd310 JavaThread "Unconstrained build operations Thread 42" [_thread_blocked, id=17112, stack(0x00000051d8900000,0x00000051d8a00000)]
  0x00000169265dbb00 JavaThread "Unconstrained build operations Thread 43" [_thread_blocked, id=2788, stack(0x00000051d8a00000,0x00000051d8b00000)]
  0x00000169265dd7e0 JavaThread "Unconstrained build operations Thread 44" [_thread_blocked, id=19424, stack(0x00000051d8b00000,0x00000051d8c00000)]
  0x00000169265da2f0 JavaThread "Unconstrained build operations Thread 45" [_thread_blocked, id=16760, stack(0x00000051d8c00000,0x00000051d8d00000)]
  0x00000169265d8610 JavaThread "Unconstrained build operations Thread 46" [_thread_blocked, id=8828, stack(0x00000051d8d00000,0x00000051d8e00000)]
  0x00000169265de180 JavaThread "Unconstrained build operations Thread 47" [_thread_blocked, id=5392, stack(0x00000051d8e00000,0x00000051d8f00000)]
  0x00000169265ddcb0 JavaThread "Unconstrained build operations Thread 48" [_thread_blocked, id=5156, stack(0x00000051d8f00000,0x00000051d9000000)]
  0x00000169265deff0 JavaThread "Unconstrained build operations Thread 49" [_thread_blocked, id=1048, stack(0x00000051d9000000,0x00000051d9100000)]
  0x00000169265d7c70 JavaThread "Unconstrained build operations Thread 50" [_thread_blocked, id=14176, stack(0x00000051d9100000,0x00000051d9200000)]
  0x00000169265da7c0 JavaThread "Unconstrained build operations Thread 51" [_thread_blocked, id=18880, stack(0x00000051d9200000,0x00000051d9300000)]
  0x00000169265dbfd0 JavaThread "Unconstrained build operations Thread 52" [_thread_blocked, id=8608, stack(0x00000051d9300000,0x00000051d9400000)]
  0x00000169265dc970 JavaThread "Unconstrained build operations Thread 53" [_thread_blocked, id=16968, stack(0x00000051d9400000,0x00000051d9500000)]
  0x00000169265dce40 JavaThread "Unconstrained build operations Thread 54" [_thread_blocked, id=19124, stack(0x00000051d9500000,0x00000051d9600000)]
  0x00000169265d9480 JavaThread "Unconstrained build operations Thread 55" [_thread_blocked, id=6636, stack(0x00000051d9600000,0x00000051d9700000)]
  0x00000169265d8ae0 JavaThread "Unconstrained build operations Thread 56" [_thread_blocked, id=18852, stack(0x00000051d9700000,0x00000051d9800000)]
  0x00000169265d8fb0 JavaThread "Unconstrained build operations Thread 57" [_thread_blocked, id=13348, stack(0x00000051d9800000,0x00000051d9900000)]
  0x00000169265d9950 JavaThread "Unconstrained build operations Thread 58" [_thread_blocked, id=2248, stack(0x00000051d9900000,0x00000051d9a00000)]
  0x0000016921b52710 JavaThread "Unconstrained build operations Thread 59" [_thread_blocked, id=6768, stack(0x00000051d9a00000,0x00000051d9b00000)]
  0x0000016921b55730 JavaThread "Unconstrained build operations Thread 60" [_thread_blocked, id=7416, stack(0x00000051d9b00000,0x00000051d9c00000)]
  0x0000016921b52be0 JavaThread "Unconstrained build operations Thread 61" [_thread_blocked, id=10492, stack(0x00000051d9c00000,0x00000051d9d00000)]
  0x0000016921b530b0 JavaThread "Unconstrained build operations Thread 62" [_thread_blocked, id=19208, stack(0x00000051d9d00000,0x00000051d9e00000)]
  0x0000016921b548c0 JavaThread "Unconstrained build operations Thread 63" [_thread_blocked, id=11820, stack(0x00000051d9e00000,0x00000051d9f00000)]
  0x0000016921b543f0 JavaThread "Unconstrained build operations Thread 64" [_thread_blocked, id=13448, stack(0x00000051d9f00000,0x00000051da000000)]
  0x0000016921b55c00 JavaThread "Unconstrained build operations Thread 65" [_thread_blocked, id=12244, stack(0x00000051da000000,0x00000051da100000)]
  0x0000016921b518a0 JavaThread "Unconstrained build operations Thread 66" [_thread_blocked, id=3564, stack(0x00000051da100000,0x00000051da200000)]
  0x0000016921b53a50 JavaThread "Unconstrained build operations Thread 67" [_thread_blocked, id=7704, stack(0x00000051da200000,0x00000051da300000)]
  0x0000016921b51d70 JavaThread "Unconstrained build operations Thread 68" [_thread_blocked, id=14320, stack(0x00000051da300000,0x00000051da400000)]
  0x0000016921b4f6f0 JavaThread "Unconstrained build operations Thread 69" [_thread_blocked, id=4724, stack(0x00000051da400000,0x00000051da500000)]
  0x0000016921b53580 JavaThread "Unconstrained build operations Thread 70" [_thread_blocked, id=16392, stack(0x00000051da500000,0x00000051da600000)]
  0x0000016921b53f20 JavaThread "Unconstrained build operations Thread 71" [_thread_blocked, id=2868, stack(0x00000051da600000,0x00000051da700000)]
  0x0000016921b50f00 JavaThread "Unconstrained build operations Thread 72" [_thread_blocked, id=19356, stack(0x00000051da700000,0x00000051da800000)]
  0x0000016921b54d90 JavaThread "Unconstrained build operations Thread 73" [_thread_blocked, id=18100, stack(0x00000051da800000,0x00000051da900000)]
  0x0000016921b55260 JavaThread "Unconstrained build operations Thread 74" [_thread_blocked, id=10920, stack(0x00000051da900000,0x00000051daa00000)]
  0x0000016921b52240 JavaThread "Unconstrained build operations Thread 75" [_thread_blocked, id=13176, stack(0x00000051daa00000,0x00000051dab00000)]
  0x0000016921b560d0 JavaThread "Unconstrained build operations Thread 76" [_thread_blocked, id=13224, stack(0x00000051dab00000,0x00000051dac00000)]
  0x0000016921b565a0 JavaThread "Unconstrained build operations Thread 77" [_thread_blocked, id=2128, stack(0x00000051dac00000,0x00000051dad00000)]
  0x0000016921b56a70 JavaThread "Unconstrained build operations Thread 78" [_thread_blocked, id=668, stack(0x00000051dad00000,0x00000051dae00000)]
  0x0000016921b56f40 JavaThread "Unconstrained build operations Thread 79" [_thread_blocked, id=17500, stack(0x00000051dae00000,0x00000051daf00000)]
  0x0000016921b50090 JavaThread "Unconstrained build operations Thread 80" [_thread_blocked, id=10368, stack(0x00000051daf00000,0x00000051db000000)]
  0x0000016921b4fbc0 JavaThread "jar transforms Thread 6" [_thread_blocked, id=3256, stack(0x00000051db000000,0x00000051db100000)]
  0x0000016921b50560 JavaThread "jar transforms Thread 7" [_thread_blocked, id=8296, stack(0x00000051db100000,0x00000051db200000)]
  0x0000016921b50a30 JavaThread "jar transforms Thread 8" [_thread_blocked, id=8252, stack(0x00000051db200000,0x00000051db300000)]
  0x00000169299dadb0 JavaThread "build event listener" [_thread_blocked, id=18988, stack(0x00000051db300000,0x00000051db400000)]
  0x00000169299dec40 JavaThread "Memory manager" [_thread_blocked, id=9356, stack(0x00000051db400000,0x00000051db500000)]
  0x00000169299d9a70 JavaThread "pool-3-thread-1" [_thread_blocked, id=7020, stack(0x00000051db500000,0x00000051db600000)]
  0x00000169299db280 JavaThread "build event listener" [_thread_blocked, id=17016, stack(0x00000051db600000,0x00000051db700000)]
  0x00000169299dc0f0 JavaThread "included builds" [_thread_blocked, id=16408, stack(0x00000051db700000,0x00000051db800000)]
  0x00000169299dca90 JavaThread "Execution worker" [_thread_blocked, id=9116, stack(0x00000051db800000,0x00000051db900000)]
  0x00000169299dcf60 JavaThread "Execution worker Thread 2" [_thread_blocked, id=4376, stack(0x00000051db900000,0x00000051dba00000)]
  0x00000169299df5e0 JavaThread "Execution worker Thread 3" [_thread_blocked, id=18608, stack(0x00000051dba00000,0x00000051dbb00000)]
  0x00000169299df110 JavaThread "Execution worker Thread 4" [_thread_blocked, id=9060, stack(0x00000051dbb00000,0x00000051dbc00000)]
  0x00000169299d9f40 JavaThread "Execution worker Thread 5" [_thread_blocked, id=9244, stack(0x00000051dbc00000,0x00000051dbd00000)]
  0x00000169299dd430 JavaThread "Execution worker Thread 6" [_thread_blocked, id=13560, stack(0x00000051dbd00000,0x00000051dbe00000)]
  0x00000169299dd900 JavaThread "Execution worker Thread 7" [_thread_blocked, id=9024, stack(0x00000051dbe00000,0x00000051dbf00000)]
  0x00000169299de2a0 JavaThread "Cache worker for execution history cache (C:\Users\elvis\AndroidStudioProjects\AppClinicaCitas\.gradle\8.0\executionHistory)" [_thread_blocked, id=16156, stack(0x00000051dbf00000,0x00000051dc000000)]

Other Threads:
=>0x0000016920e0ca00 VMThread "VM Thread" [stack: 0x00000051d2d00000,0x00000051d2e00000] [id=11416]
  0x000001690700d5b0 WatcherThread [stack: 0x00000051d3900000,0x00000051d3a00000] [id=8240]
  0x0000016906fe5de0 GCTaskThread "GC Thread#0" [stack: 0x00000051d2800000,0x00000051d2900000] [id=16064]
  0x000001692240c9b0 GCTaskThread "GC Thread#1" [stack: 0x00000051d3a00000,0x00000051d3b00000] [id=19148]
  0x0000016921eff7f0 GCTaskThread "GC Thread#2" [stack: 0x00000051d3b00000,0x00000051d3c00000] [id=12028]
  0x00000169223fec40 GCTaskThread "GC Thread#3" [stack: 0x00000051d3c00000,0x00000051d3d00000] [id=16492]
  0x0000016921bdc4e0 GCTaskThread "GC Thread#4" [stack: 0x00000051d3d00000,0x00000051d3e00000] [id=12876]
  0x00000169231f9f10 GCTaskThread "GC Thread#5" [stack: 0x00000051d4900000,0x00000051d4a00000] [id=19200]
  0x0000016923cf37d0 GCTaskThread "GC Thread#6" [stack: 0x00000051d4a00000,0x00000051d4b00000] [id=5604]
  0x00000169228bb5b0 GCTaskThread "GC Thread#7" [stack: 0x00000051d4b00000,0x00000051d4c00000] [id=18084]
  0x0000016906ff7d30 ConcurrentGCThread "G1 Main Marker" [stack: 0x00000051d2900000,0x00000051d2a00000] [id=16728]
  0x0000016906ff8ee0 ConcurrentGCThread "G1 Conc#0" [stack: 0x00000051d2a00000,0x00000051d2b00000] [id=18856]
  0x000001692339f3e0 ConcurrentGCThread "G1 Conc#1" [stack: 0x00000051d4c00000,0x00000051d4d00000] [id=11776]
  0x000001690704e100 ConcurrentGCThread "G1 Refine#0" [stack: 0x00000051d2b00000,0x00000051d2c00000] [id=18444]
  0x000001692685a200 ConcurrentGCThread "G1 Refine#1" [stack: 0x00000051d5a00000,0x00000051d5b00000] [id=12620]
  0x000001690704eb20 ConcurrentGCThread "G1 Service" [stack: 0x00000051d2c00000,0x00000051d2d00000] [id=4656]

Threads with active compile tasks:
C2 CompilerThread0    14159 8736       4       java.net.URLClassLoader$1::run (5 bytes)
C2 CompilerThread1    14159 9382       4       com.google.common.cache.LocalCache$Segment::drainRecencyQueue (45 bytes)

VM state: at safepoint (normal execution)

VM Mutex/Monitor currently owned by a thread:  ([mutex/lock_event])
[0x0000016906f82e40] Threads_lock - owner thread: 0x0000016920e0ca00
[0x0000016906f83aa0] Heap_lock - owner thread: 0x0000016922b79610

Heap address: 0x0000000080000000, size: 2048 MB, Compressed Oops mode: 32-bit

CDS archive(s) not mapped
Compressed class space mapped at: 0x0000000100000000-0x0000000140000000, reserved size: 1073741824
Narrow klass base: 0x0000000000000000, Narrow klass shift: 3, Narrow klass range: 0x140000000

GC Precious Log:
 CPUs: 8 total, 8 available
 Memory: 7926M
 Large Page Support: Disabled
 NUMA Support: Disabled
 Compressed Oops: Enabled (32-bit)
 Heap Region Size: 1M
 Heap Min Capacity: 8M
 Heap Initial Capacity: 124M
 Heap Max Capacity: 2G
 Pre-touch: Disabled
 Parallel Workers: 8
 Concurrent Workers: 2
 Concurrent Refinement Workers: 8
 Periodic GC: Disabled

Heap:
 garbage-first heap   total 126976K, used 80010K [0x0000000080000000, 0x0000000100000000)
  region size 1024K, 4 young (4096K), 4 survivors (4096K)
 Metaspace       used 87100K, committed 87744K, reserved 1130496K
  class space    used 11852K, committed 12096K, reserved 1048576K

Heap Regions: E=young(eden), S=young(survivor), O=old, HS=humongous(starts), HC=humongous(continues), CS=collection set, F=free, OA=open archive, CA=closed archive, TAMS=top-at-mark-start (previous, next)
|   0|0x0000000080000000, 0x0000000080100000, 0x0000000080100000|100%|HS|  |TAMS 0x0000000080100000, 0x0000000080100000| Complete 
|   1|0x0000000080100000, 0x0000000080200000, 0x0000000080200000|100%|HC|  |TAMS 0x0000000080200000, 0x0000000080200000| Complete 
|   2|0x0000000080200000, 0x0000000080300000, 0x0000000080300000|100%|HC|  |TAMS 0x0000000080300000, 0x0000000080300000| Complete 
|   3|0x0000000080300000, 0x0000000080400000, 0x0000000080400000|100%|HC|  |TAMS 0x0000000080400000, 0x0000000080400000| Complete 
|   4|0x0000000080400000, 0x0000000080500000, 0x0000000080500000|100%| O|  |TAMS 0x0000000080500000, 0x0000000080500000| Untracked 
|   5|0x0000000080500000, 0x0000000080600000, 0x0000000080600000|100%| O|  |TAMS 0x0000000080600000, 0x0000000080600000| Untracked 
|   6|0x0000000080600000, 0x0000000080700000, 0x0000000080700000|100%| O|  |TAMS 0x0000000080700000, 0x0000000080700000| Untracked 
|   7|0x0000000080700000, 0x0000000080800000, 0x0000000080800000|100%| O|  |TAMS 0x0000000080800000, 0x0000000080800000| Untracked 
|   8|0x0000000080800000, 0x0000000080900000, 0x0000000080900000|100%| O|  |TAMS 0x0000000080900000, 0x0000000080900000| Untracked 
|   9|0x0000000080900000, 0x0000000080a00000, 0x0000000080a00000|100%| O|  |TAMS 0x0000000080a00000, 0x0000000080a00000| Untracked 
|  10|0x0000000080a00000, 0x0000000080b00000, 0x0000000080b00000|100%| O|  |TAMS 0x0000000080b00000, 0x0000000080b00000| Untracked 
|  11|0x0000000080b00000, 0x0000000080c00000, 0x0000000080c00000|100%| O|  |TAMS 0x0000000080c00000, 0x0000000080c00000| Untracked 
|  12|0x0000000080c00000, 0x0000000080d00000, 0x0000000080d00000|100%| O|  |TAMS 0x0000000080d00000, 0x0000000080d00000| Untracked 
|  13|0x0000000080d00000, 0x0000000080e00000, 0x0000000080e00000|100%| O|  |TAMS 0x0000000080e00000, 0x0000000080e00000| Untracked 
|  14|0x0000000080e00000, 0x0000000080f00000, 0x0000000080f00000|100%| O|  |TAMS 0x0000000080f00000, 0x0000000080f00000| Untracked 
|  15|0x0000000080f00000, 0x0000000081000000, 0x0000000081000000|100%| O|  |TAMS 0x0000000081000000, 0x0000000081000000| Untracked 
|  16|0x0000000081000000, 0x0000000081100000, 0x0000000081100000|100%| O|  |TAMS 0x0000000081100000, 0x0000000081100000| Untracked 
|  17|0x0000000081100000, 0x0000000081200000, 0x0000000081200000|100%| O|  |TAMS 0x0000000081200000, 0x0000000081200000| Untracked 
|  18|0x0000000081200000, 0x0000000081300000, 0x0000000081300000|100%| O|  |TAMS 0x0000000081300000, 0x0000000081300000| Untracked 
|  19|0x0000000081300000, 0x0000000081400000, 0x0000000081400000|100%| O|  |TAMS 0x0000000081400000, 0x0000000081400000| Untracked 
|  20|0x0000000081400000, 0x0000000081500000, 0x0000000081500000|100%| O|  |TAMS 0x0000000081500000, 0x0000000081500000| Untracked 
|  21|0x0000000081500000, 0x0000000081600000, 0x0000000081600000|100%| O|  |TAMS 0x0000000081600000, 0x0000000081600000| Untracked 
|  22|0x0000000081600000, 0x0000000081700000, 0x0000000081700000|100%| O|  |TAMS 0x0000000081700000, 0x0000000081700000| Untracked 
|  23|0x0000000081700000, 0x0000000081800000, 0x0000000081800000|100%| O|  |TAMS 0x0000000081800000, 0x0000000081800000| Untracked 
|  24|0x0000000081800000, 0x0000000081900000, 0x0000000081900000|100%|HS|  |TAMS 0x0000000081900000, 0x0000000081900000| Complete 
|  25|0x0000000081900000, 0x0000000081a00000, 0x0000000081a00000|100%| O|  |TAMS 0x0000000081a00000, 0x0000000081a00000| Untracked 
|  26|0x0000000081a00000, 0x0000000081b00000, 0x0000000081b00000|100%| O|  |TAMS 0x0000000081b00000, 0x0000000081b00000| Untracked 
|  27|0x0000000081b00000, 0x0000000081c00000, 0x0000000081c00000|100%| O|  |TAMS 0x0000000081c00000, 0x0000000081c00000| Untracked 
|  28|0x0000000081c00000, 0x0000000081d00000, 0x0000000081d00000|100%| O|  |TAMS 0x0000000081d00000, 0x0000000081d00000| Untracked 
|  29|0x0000000081d00000, 0x0000000081e00000, 0x0000000081e00000|100%| O|  |TAMS 0x0000000081e00000, 0x0000000081e00000| Untracked 
|  30|0x0000000081e00000, 0x0000000081f00000, 0x0000000081f00000|100%| O|  |TAMS 0x0000000081f00000, 0x0000000081f00000| Untracked 
|  31|0x0000000081f00000, 0x0000000082000000, 0x0000000082000000|100%| O|  |TAMS 0x0000000082000000, 0x0000000082000000| Untracked 
|  32|0x0000000082000000, 0x0000000082100000, 0x0000000082100000|100%| O|  |TAMS 0x0000000082100000, 0x0000000082100000| Untracked 
|  33|0x0000000082100000, 0x0000000082200000, 0x0000000082200000|100%| O|  |TAMS 0x0000000082200000, 0x0000000082200000| Untracked 
|  34|0x0000000082200000, 0x0000000082300000, 0x0000000082300000|100%|HS|  |TAMS 0x0000000082300000, 0x0000000082300000| Complete 
|  35|0x0000000082300000, 0x0000000082400000, 0x0000000082400000|100%| O|  |TAMS 0x0000000082400000, 0x0000000082400000| Untracked 
|  36|0x0000000082400000, 0x0000000082500000, 0x0000000082500000|100%| O|  |TAMS 0x0000000082500000, 0x0000000082500000| Untracked 
|  37|0x0000000082500000, 0x0000000082600000, 0x0000000082600000|100%| O|  |TAMS 0x0000000082600000, 0x0000000082600000| Untracked 
|  38|0x0000000082600000, 0x0000000082700000, 0x0000000082700000|100%| O|  |TAMS 0x0000000082700000, 0x0000000082700000| Untracked 
|  39|0x0000000082700000, 0x0000000082800000, 0x0000000082800000|100%| O|  |TAMS 0x0000000082800000, 0x0000000082800000| Untracked 
|  40|0x0000000082800000, 0x0000000082900000, 0x0000000082900000|100%| O|  |TAMS 0x0000000082900000, 0x0000000082900000| Untracked 
|  41|0x0000000082900000, 0x0000000082a00000, 0x0000000082a00000|100%| O|  |TAMS 0x0000000082a00000, 0x0000000082a00000| Untracked 
|  42|0x0000000082a00000, 0x0000000082b00000, 0x0000000082b00000|100%| O|  |TAMS 0x0000000082b00000, 0x0000000082b00000| Untracked 
|  43|0x0000000082b00000, 0x0000000082c00000, 0x0000000082c00000|100%| O|  |TAMS 0x0000000082c00000, 0x0000000082c00000| Untracked 
|  44|0x0000000082c00000, 0x0000000082d00000, 0x0000000082d00000|100%| O|  |TAMS 0x0000000082d00000, 0x0000000082d00000| Untracked 
|  45|0x0000000082d00000, 0x0000000082e00000, 0x0000000082e00000|100%| O|  |TAMS 0x0000000082e00000, 0x0000000082e00000| Untracked 
|  46|0x0000000082e00000, 0x0000000082f00000, 0x0000000082f00000|100%| O|  |TAMS 0x0000000082f00000, 0x0000000082f00000| Untracked 
|  47|0x0000000082f00000, 0x0000000083000000, 0x0000000083000000|100%| O|  |TAMS 0x0000000083000000, 0x0000000083000000| Untracked 
|  48|0x0000000083000000, 0x0000000083100000, 0x0000000083100000|100%| O|  |TAMS 0x0000000083100000, 0x0000000083100000| Untracked 
|  49|0x0000000083100000, 0x0000000083200000, 0x0000000083200000|100%| O|  |TAMS 0x0000000083200000, 0x0000000083200000| Untracked 
|  50|0x0000000083200000, 0x0000000083300000, 0x0000000083300000|100%| O|  |TAMS 0x0000000083300000, 0x0000000083300000| Untracked 
|  51|0x0000000083300000, 0x0000000083400000, 0x0000000083400000|100%| O|  |TAMS 0x0000000083400000, 0x0000000083400000| Untracked 
|  52|0x0000000083400000, 0x0000000083500000, 0x0000000083500000|100%| O|  |TAMS 0x0000000083500000, 0x0000000083500000| Untracked 
|  53|0x0000000083500000, 0x0000000083600000, 0x0000000083600000|100%| O|  |TAMS 0x0000000083600000, 0x0000000083600000| Untracked 
|  54|0x0000000083600000, 0x0000000083700000, 0x0000000083700000|100%| O|  |TAMS 0x0000000083700000, 0x0000000083700000| Untracked 
|  55|0x0000000083700000, 0x0000000083800000, 0x0000000083800000|100%| O|  |TAMS 0x0000000083800000, 0x0000000083800000| Untracked 
|  56|0x0000000083800000, 0x0000000083900000, 0x0000000083900000|100%| O|  |TAMS 0x0000000083900000, 0x0000000083900000| Untracked 
|  57|0x0000000083900000, 0x0000000083a00000, 0x0000000083a00000|100%| O|  |TAMS 0x0000000083a00000, 0x0000000083a00000| Untracked 
|  58|0x0000000083a00000, 0x0000000083b00000, 0x0000000083b00000|100%| O|  |TAMS 0x0000000083b00000, 0x0000000083b00000| Untracked 
|  59|0x0000000083b00000, 0x0000000083c00000, 0x0000000083c00000|100%| O|  |TAMS 0x0000000083c00000, 0x0000000083c00000| Untracked 
|  60|0x0000000083c00000, 0x0000000083d00000, 0x0000000083d00000|100%| O|  |TAMS 0x0000000083cb7400, 0x0000000083d00000| Untracked 
|  61|0x0000000083d00000, 0x0000000083e00000, 0x0000000083e00000|100%| O|  |TAMS 0x0000000083d00000, 0x0000000083e00000| Untracked 
|  62|0x0000000083e00000, 0x0000000083f00000, 0x0000000083f00000|100%| O|  |TAMS 0x0000000083e00000, 0x0000000083f00000| Untracked 
|  63|0x0000000083f00000, 0x0000000084000000, 0x0000000084000000|100%| O|  |TAMS 0x0000000083f00000, 0x0000000084000000| Untracked 
|  64|0x0000000084000000, 0x0000000084100000, 0x0000000084100000|100%| O|  |TAMS 0x0000000084000000, 0x0000000084100000| Untracked 
|  65|0x0000000084100000, 0x0000000084200000, 0x0000000084200000|100%| O|  |TAMS 0x0000000084100000, 0x0000000084200000| Untracked 
|  66|0x0000000084200000, 0x0000000084300000, 0x0000000084300000|100%| O|  |TAMS 0x0000000084200000, 0x0000000084300000| Untracked 
|  67|0x0000000084300000, 0x0000000084400000, 0x0000000084400000|100%| O|  |TAMS 0x0000000084300000, 0x0000000084400000| Untracked 
|  68|0x0000000084400000, 0x0000000084500000, 0x0000000084500000|100%| O|  |TAMS 0x0000000084400000, 0x0000000084500000| Untracked 
|  69|0x0000000084500000, 0x0000000084600000, 0x0000000084600000|100%| O|  |TAMS 0x0000000084500000, 0x00000000845c8e00| Untracked 
|  70|0x0000000084600000, 0x0000000084700000, 0x0000000084700000|100%| O|  |TAMS 0x0000000084600000, 0x0000000084600000| Untracked 
|  71|0x0000000084700000, 0x0000000084800000, 0x0000000084800000|100%| O|  |TAMS 0x0000000084700000, 0x0000000084700000| Untracked 
|  72|0x0000000084800000, 0x0000000084900000, 0x0000000084900000|100%| O|  |TAMS 0x0000000084800000, 0x0000000084800000| Untracked 
|  73|0x0000000084900000, 0x0000000084a00000, 0x0000000084a00000|100%| O|  |TAMS 0x0000000084900000, 0x0000000084900000| Untracked 
|  74|0x0000000084a00000, 0x0000000084aea200, 0x0000000084b00000| 91%| O|  |TAMS 0x0000000084a00000, 0x0000000084a00000| Untracked 
|  75|0x0000000084b00000, 0x0000000084b00000, 0x0000000084c00000|  0%| F|  |TAMS 0x0000000084b00000, 0x0000000084b00000| Untracked 
|  76|0x0000000084c00000, 0x0000000084c00000, 0x0000000084d00000|  0%| F|  |TAMS 0x0000000084c00000, 0x0000000084c00000| Untracked 
|  77|0x0000000084d00000, 0x0000000084d00000, 0x0000000084e00000|  0%| F|  |TAMS 0x0000000084d00000, 0x0000000084d00000| Untracked 
|  78|0x0000000084e00000, 0x0000000084e00000, 0x0000000084f00000|  0%| F|  |TAMS 0x0000000084e00000, 0x0000000084e00000| Untracked 
|  79|0x0000000084f00000, 0x0000000084f00000, 0x0000000085000000|  0%| F|  |TAMS 0x0000000084f00000, 0x0000000084f00000| Untracked 
|  80|0x0000000085000000, 0x0000000085000000, 0x0000000085100000|  0%| F|  |TAMS 0x0000000085000000, 0x0000000085000000| Untracked 
|  81|0x0000000085100000, 0x0000000085100000, 0x0000000085200000|  0%| F|  |TAMS 0x0000000085100000, 0x0000000085100000| Untracked 
|  82|0x0000000085200000, 0x0000000085200000, 0x0000000085300000|  0%| F|  |TAMS 0x0000000085200000, 0x0000000085200000| Untracked 
|  83|0x0000000085300000, 0x0000000085300000, 0x0000000085400000|  0%| F|  |TAMS 0x0000000085300000, 0x0000000085300000| Untracked 
|  84|0x0000000085400000, 0x0000000085400000, 0x0000000085500000|  0%| F|  |TAMS 0x0000000085400000, 0x0000000085400000| Untracked 
|  85|0x0000000085500000, 0x0000000085500000, 0x0000000085600000|  0%| F|  |TAMS 0x0000000085500000, 0x0000000085500000| Untracked 
|  86|0x0000000085600000, 0x0000000085600000, 0x0000000085700000|  0%| F|  |TAMS 0x0000000085600000, 0x0000000085600000| Untracked 
|  87|0x0000000085700000, 0x0000000085700000, 0x0000000085800000|  0%| F|  |TAMS 0x0000000085700000, 0x0000000085700000| Untracked 
|  88|0x0000000085800000, 0x0000000085800000, 0x0000000085900000|  0%| F|  |TAMS 0x0000000085800000, 0x0000000085800000| Untracked 
|  89|0x0000000085900000, 0x0000000085900000, 0x0000000085a00000|  0%| F|  |TAMS 0x0000000085900000, 0x0000000085900000| Untracked 
|  90|0x0000000085a00000, 0x0000000085a00000, 0x0000000085b00000|  0%| F|  |TAMS 0x0000000085a00000, 0x0000000085a00000| Untracked 
|  91|0x0000000085b00000, 0x0000000085b00000, 0x0000000085c00000|  0%| F|  |TAMS 0x0000000085b00000, 0x0000000085b00000| Untracked 
|  92|0x0000000085c00000, 0x0000000085c00000, 0x0000000085d00000|  0%| F|  |TAMS 0x0000000085c00000, 0x0000000085c00000| Untracked 
|  93|0x0000000085d00000, 0x0000000085d00000, 0x0000000085e00000|  0%| F|  |TAMS 0x0000000085d00000, 0x0000000085d00000| Untracked 
|  94|0x0000000085e00000, 0x0000000085e38840, 0x0000000085f00000| 22%| S|CS|TAMS 0x0000000085e00000, 0x0000000085e00000| Complete 
|  95|0x0000000085f00000, 0x0000000086000000, 0x0000000086000000|100%| S|CS|TAMS 0x0000000085f00000, 0x0000000085f00000| Complete 
|  96|0x0000000086000000, 0x0000000086100000, 0x0000000086100000|100%| S|CS|TAMS 0x0000000086000000, 0x0000000086000000| Complete 
|  97|0x0000000086100000, 0x0000000086200000, 0x0000000086200000|100%| S|CS|TAMS 0x0000000086100000, 0x0000000086100000| Complete 
|  98|0x0000000086200000, 0x0000000086200000, 0x0000000086300000|  0%| F|  |TAMS 0x0000000086200000, 0x0000000086200000| Untracked 
|  99|0x0000000086300000, 0x0000000086300000, 0x0000000086400000|  0%| F|  |TAMS 0x0000000086300000, 0x0000000086300000| Untracked 
| 100|0x0000000086400000, 0x0000000086400000, 0x0000000086500000|  0%| F|  |TAMS 0x0000000086400000, 0x0000000086400000| Untracked 
| 101|0x0000000086500000, 0x0000000086500000, 0x0000000086600000|  0%| F|  |TAMS 0x0000000086500000, 0x0000000086500000| Untracked 
| 102|0x0000000086600000, 0x0000000086600000, 0x0000000086700000|  0%| F|  |TAMS 0x0000000086600000, 0x0000000086600000| Untracked 
| 103|0x0000000086700000, 0x0000000086700000, 0x0000000086800000|  0%| F|  |TAMS 0x0000000086700000, 0x0000000086700000| Untracked 
| 104|0x0000000086800000, 0x0000000086800000, 0x0000000086900000|  0%| F|  |TAMS 0x0000000086800000, 0x0000000086800000| Untracked 
| 105|0x0000000086900000, 0x0000000086900000, 0x0000000086a00000|  0%| F|  |TAMS 0x0000000086900000, 0x0000000086900000| Untracked 
| 106|0x0000000086a00000, 0x0000000086a00000, 0x0000000086b00000|  0%| F|  |TAMS 0x0000000086a00000, 0x0000000086a00000| Untracked 
| 107|0x0000000086b00000, 0x0000000086b00000, 0x0000000086c00000|  0%| F|  |TAMS 0x0000000086b00000, 0x0000000086b00000| Untracked 
| 108|0x0000000086c00000, 0x0000000086c00000, 0x0000000086d00000|  0%| F|  |TAMS 0x0000000086c00000, 0x0000000086c00000| Untracked 
| 109|0x0000000086d00000, 0x0000000086d00000, 0x0000000086e00000|  0%| F|  |TAMS 0x0000000086d00000, 0x0000000086d00000| Untracked 
| 110|0x0000000086e00000, 0x0000000086e00000, 0x0000000086f00000|  0%| F|  |TAMS 0x0000000086e00000, 0x0000000086e00000| Untracked 
| 111|0x0000000086f00000, 0x0000000086f00000, 0x0000000087000000|  0%| F|  |TAMS 0x0000000086f00000, 0x0000000086f00000| Untracked 
| 112|0x0000000087000000, 0x0000000087000000, 0x0000000087100000|  0%| F|  |TAMS 0x0000000087000000, 0x0000000087000000| Untracked 
| 113|0x0000000087100000, 0x0000000087100000, 0x0000000087200000|  0%| F|  |TAMS 0x0000000087100000, 0x0000000087100000| Untracked 
| 114|0x0000000087200000, 0x0000000087200000, 0x0000000087300000|  0%| F|  |TAMS 0x0000000087200000, 0x0000000087200000| Untracked 
| 115|0x0000000087300000, 0x0000000087300000, 0x0000000087400000|  0%| F|  |TAMS 0x0000000087300000, 0x0000000087300000| Untracked 
| 116|0x0000000087400000, 0x0000000087400000, 0x0000000087500000|  0%| F|  |TAMS 0x0000000087400000, 0x0000000087400000| Untracked 
| 117|0x0000000087500000, 0x0000000087500000, 0x0000000087600000|  0%| F|  |TAMS 0x0000000087500000, 0x0000000087500000| Untracked 
| 118|0x0000000087600000, 0x0000000087600000, 0x0000000087700000|  0%| F|  |TAMS 0x0000000087600000, 0x0000000087600000| Untracked 
| 119|0x0000000087700000, 0x0000000087700000, 0x0000000087800000|  0%| F|  |TAMS 0x0000000087700000, 0x0000000087700000| Untracked 
| 120|0x0000000087800000, 0x0000000087800000, 0x0000000087900000|  0%| F|  |TAMS 0x0000000087800000, 0x0000000087800000| Untracked 
| 121|0x0000000087900000, 0x0000000087900000, 0x0000000087a00000|  0%| F|  |TAMS 0x0000000087900000, 0x0000000087900000| Untracked 
| 122|0x0000000087a00000, 0x0000000087a00000, 0x0000000087b00000|  0%| F|  |TAMS 0x0000000087a00000, 0x0000000087a00000| Untracked 
| 123|0x0000000087b00000, 0x0000000087b00000, 0x0000000087c00000|  0%| F|  |TAMS 0x0000000087b00000, 0x0000000087b00000| Untracked 

Card table byte_map: [0x0000016919b90000,0x0000016919f90000] _byte_map_base: 0x0000016919790000

Marking Bits (Prev, Next): (CMBitMap*) 0x0000016906fe7440, (CMBitMap*) 0x0000016906fe7400
 Prev Bits: [0x000001691c390000, 0x000001691e390000)
 Next Bits: [0x000001691a390000, 0x000001691c390000)

Polling page: 0x0000016904f90000

Metaspace:

Usage:
  Non-class:     73.48 MB used.
      Class:     11.57 MB used.
       Both:     85.06 MB used.

Virtual space:
  Non-class space:       80.00 MB reserved,      73.88 MB ( 92%) committed,  10 nodes.
      Class space:        1.00 GB reserved,      11.81 MB (  1%) committed,  1 nodes.
             Both:        1.08 GB reserved,      85.69 MB (  8%) committed. 

Chunk freelists:
   Non-Class:  1.92 MB
       Class:  192.00 KB
        Both:  2.11 MB

MaxMetaspaceSize: unlimited
CompressedClassSpaceSize: 1.00 GB
Initial GC threshold: 21.00 MB
Current GC threshold: 136.25 MB
CDS: off
MetaspaceReclaimPolicy: balanced
 - commit_granule_bytes: 65536.
 - commit_granule_words: 8192.
 - virtual_space_node_default_size: 1048576.
 - enlarge_chunks_in_place: 1.
 - new_chunks_are_fully_committed: 0.
 - uncommit_free_chunks: 1.
 - use_allocation_guard: 0.
 - handle_deallocations: 1.


Internal statistics:

num_allocs_failed_limit: 6.
num_arena_births: 836.
num_arena_deaths: 0.
num_vsnodes_births: 11.
num_vsnodes_deaths: 0.
num_space_committed: 1371.
num_space_uncommitted: 0.
num_chunks_returned_to_freelist: 6.
num_chunks_taken_from_freelist: 3991.
num_chunk_merges: 6.
num_chunk_splits: 2613.
num_chunks_enlarged: 1738.
num_purges: 0.
num_inconsistent_stats: 0.

CodeHeap 'non-profiled nmethods': size=120000Kb used=4833Kb max_used=4833Kb free=115166Kb
 bounds [0x0000016911f20000, 0x00000169123e0000, 0x0000016919450000]
CodeHeap 'profiled nmethods': size=120000Kb used=16718Kb max_used=16718Kb free=103281Kb
 bounds [0x000001690a450000, 0x000001690b4b0000, 0x0000016911980000]
CodeHeap 'non-nmethods': size=5760Kb used=2379Kb max_used=2451Kb free=3380Kb
 bounds [0x0000016911980000, 0x0000016911bf0000, 0x0000016911f20000]
 total_blobs=9388 nmethods=8490 adapters=810
 compilation: enabled
              stopped_count=0, restarted_count=0
 full_count=0

Compilation events (20 events):
Event: 14.076 Thread 0x000001692183af70 9376       3       java.util.Comparator$$Lambda$354/0x00000001002ce810::compare (14 bytes)
Event: 14.076 Thread 0x000001692183af70 nmethod 9376 0x000001690b4a1d90 code [0x000001690b4a1f60, 0x000001690b4a2328]
Event: 14.076 Thread 0x000001692183af70 9377       3       java.util.Comparator::lambda$comparing$ea9a8b3a$1 (21 bytes)
Event: 14.076 Thread 0x000001692183af70 nmethod 9377 0x000001690b4a2490 code [0x000001690b4a2660, 0x000001690b4a29a8]
Event: 14.076 Thread 0x000001692183af70 9378       3       org.gradle.internal.snapshot.FileSystemLocationSnapshot$$Lambda$353/0x00000001004c6ca8::compare (12 bytes)
Event: 14.077 Thread 0x000001692183af70 nmethod 9378 0x000001690b4a2b10 code [0x000001690b4a2d00, 0x000001690b4a3218]
Event: 14.077 Thread 0x000001692183af70 9379       3       org.gradle.internal.snapshot.PathUtil::compareFileNames (20 bytes)
Event: 14.077 Thread 0x000001692183af70 nmethod 9379 0x000001690b4a3410 code [0x000001690b4a35e0, 0x000001690b4a3898]
Event: 14.084 Thread 0x00000169265eaa00 nmethod 9369 0x00000169123d6710 code [0x00000169123d68a0, 0x00000169123d70d8]
Event: 14.084 Thread 0x00000169265eaa00 9380       4       com.google.common.cache.LocalCache::isExpired (57 bytes)
Event: 14.086 Thread 0x00000169265eaa00 nmethod 9380 0x00000169123d7410 code [0x00000169123d75a0, 0x00000169123d76b8]
Event: 14.086 Thread 0x00000169265eaa00 9372       4       java.util.concurrent.locks.LockSupport::setBlocker (12 bytes)
Event: 14.088 Thread 0x00000169265eaa00 nmethod 9372 0x00000169123d7810 code [0x00000169123d7980, 0x00000169123d7a98]
Event: 14.088 Thread 0x00000169265eaa00 9375       4       java.nio.ByteBuffer::position (8 bytes)
Event: 14.089 Thread 0x00000169265eaa00 nmethod 9375 0x00000169123d7b10 code [0x00000169123d7c80, 0x00000169123d7d58]
Event: 14.089 Thread 0x00000169265eaa00 9374       4       java.util.concurrent.atomic.AtomicLong::incrementAndGet (14 bytes)
Event: 14.089 Thread 0x00000169265eaa00 nmethod 9374 0x00000169123d7e90 code [0x00000169123d8000, 0x00000169123d8098]
Event: 14.091 Thread 0x00000169265eaa00 9381       4       java.nio.ByteBuffer::position (6 bytes)
Event: 14.093 Thread 0x00000169265eaa00 nmethod 9381 0x00000169123d8190 code [0x00000169123d8320, 0x00000169123d8418]
Event: 14.096 Thread 0x00000169265eaa00 9382       4       com.google.common.cache.LocalCache$Segment::drainRecencyQueue (45 bytes)

GC Heap History (20 events):
Event: 8.683 GC heap after
{Heap after GC invocations=22 (full 0):
 garbage-first heap   total 104448K, used 53222K [0x0000000080000000, 0x0000000100000000)
  region size 1024K, 3 young (3072K), 3 survivors (3072K)
 Metaspace       used 67068K, committed 67648K, reserved 1114112K
  class space    used 8818K, committed 9088K, reserved 1048576K
}
Event: 8.784 GC heap before
{Heap before GC invocations=23 (full 0):
 garbage-first heap   total 104448K, used 58342K [0x0000000080000000, 0x0000000100000000)
  region size 1024K, 9 young (9216K), 3 survivors (3072K)
 Metaspace       used 67660K, committed 68224K, reserved 1114112K
  class space    used 8868K, committed 9152K, reserved 1048576K
}
Event: 8.787 GC heap after
{Heap after GC invocations=24 (full 0):
 garbage-first heap   total 104448K, used 53981K [0x0000000080000000, 0x0000000100000000)
  region size 1024K, 3 young (3072K), 3 survivors (3072K)
 Metaspace       used 67660K, committed 68224K, reserved 1114112K
  class space    used 8868K, committed 9152K, reserved 1048576K
}
Event: 9.097 GC heap before
{Heap before GC invocations=25 (full 0):
 garbage-first heap   total 104448K, used 80605K [0x0000000080000000, 0x0000000100000000)
  region size 1024K, 28 young (28672K), 3 survivors (3072K)
 Metaspace       used 68585K, committed 69120K, reserved 1114112K
  class space    used 9016K, committed 9280K, reserved 1048576K
}
Event: 9.102 GC heap after
{Heap after GC invocations=26 (full 0):
 garbage-first heap   total 104448K, used 55351K [0x0000000080000000, 0x0000000100000000)
  region size 1024K, 3 young (3072K), 3 survivors (3072K)
 Metaspace       used 68585K, committed 69120K, reserved 1114112K
  class space    used 9016K, committed 9280K, reserved 1048576K
}
Event: 9.378 GC heap before
{Heap before GC invocations=26 (full 0):
 garbage-first heap   total 104448K, used 79927K [0x0000000080000000, 0x0000000100000000)
  region size 1024K, 28 young (28672K), 3 survivors (3072K)
 Metaspace       used 69873K, committed 70400K, reserved 1114112K
  class space    used 9181K, committed 9408K, reserved 1048576K
}
Event: 9.383 GC heap after
{Heap after GC invocations=27 (full 0):
 garbage-first heap   total 125952K, used 57534K [0x0000000080000000, 0x0000000100000000)
  region size 1024K, 4 young (4096K), 4 survivors (4096K)
 Metaspace       used 69873K, committed 70400K, reserved 1114112K
  class space    used 9181K, committed 9408K, reserved 1048576K
}
Event: 10.241 GC heap before
{Heap before GC invocations=28 (full 0):
 garbage-first heap   total 125952K, used 96446K [0x0000000080000000, 0x0000000100000000)
  region size 1024K, 42 young (43008K), 4 survivors (4096K)
 Metaspace       used 74614K, committed 75200K, reserved 1114112K
  class space    used 10050K, committed 10304K, reserved 1048576K
}
Event: 10.246 GC heap after
{Heap after GC invocations=29 (full 0):
 garbage-first heap   total 125952K, used 60159K [0x0000000080000000, 0x0000000100000000)
  region size 1024K, 5 young (5120K), 5 survivors (5120K)
 Metaspace       used 74614K, committed 75200K, reserved 1114112K
  class space    used 10050K, committed 10304K, reserved 1048576K
}
Event: 10.252 GC heap before
{Heap before GC invocations=29 (full 0):
 garbage-first heap   total 125952K, used 61183K [0x0000000080000000, 0x0000000100000000)
  region size 1024K, 6 young (6144K), 5 survivors (5120K)
 Metaspace       used 74649K, committed 75264K, reserved 1122304K
  class space    used 10052K, committed 10304K, reserved 1048576K
}
Event: 10.259 GC heap after
{Heap after GC invocations=30 (full 0):
 garbage-first heap   total 125952K, used 59961K [0x0000000080000000, 0x0000000100000000)
  region size 1024K, 1 young (1024K), 1 survivors (1024K)
 Metaspace       used 74649K, committed 75264K, reserved 1122304K
  class space    used 10052K, committed 10304K, reserved 1048576K
}
Event: 11.004 GC heap before
{Heap before GC invocations=30 (full 0):
 garbage-first heap   total 125952K, used 98873K [0x0000000080000000, 0x0000000100000000)
  region size 1024K, 39 young (39936K), 1 survivors (1024K)
 Metaspace       used 78462K, committed 79040K, reserved 1122304K
  class space    used 10622K, committed 10880K, reserved 1048576K
}
Event: 11.010 GC heap after
{Heap after GC invocations=31 (full 0):
 garbage-first heap   total 125952K, used 62293K [0x0000000080000000, 0x0000000100000000)
  region size 1024K, 3 young (3072K), 3 survivors (3072K)
 Metaspace       used 78462K, committed 79040K, reserved 1122304K
  class space    used 10622K, committed 10880K, reserved 1048576K
}
Event: 12.146 GC heap before
{Heap before GC invocations=32 (full 0):
 garbage-first heap   total 125952K, used 100181K [0x0000000080000000, 0x0000000100000000)
  region size 1024K, 40 young (40960K), 3 survivors (3072K)
 Metaspace       used 82751K, committed 83392K, reserved 1122304K
  class space    used 11239K, committed 11520K, reserved 1048576K
}
Event: 12.159 GC heap after
{Heap after GC invocations=33 (full 0):
 garbage-first heap   total 125952K, used 65609K [0x0000000080000000, 0x0000000100000000)
  region size 1024K, 4 young (4096K), 4 survivors (4096K)
 Metaspace       used 82751K, committed 83392K, reserved 1122304K
  class space    used 11239K, committed 11520K, reserved 1048576K
}
Event: 12.835 GC heap before
{Heap before GC invocations=33 (full 0):
 garbage-first heap   total 125952K, used 100425K [0x0000000080000000, 0x0000000100000000)
  region size 1024K, 38 young (38912K), 4 survivors (4096K)
 Metaspace       used 83089K, committed 83648K, reserved 1122304K
  class space    used 11274K, committed 11520K, reserved 1048576K
}
Event: 12.848 GC heap after
{Heap after GC invocations=34 (full 0):
 garbage-first heap   total 125952K, used 71127K [0x0000000080000000, 0x0000000100000000)
  region size 1024K, 5 young (5120K), 5 survivors (5120K)
 Metaspace       used 83089K, committed 83648K, reserved 1122304K
  class space    used 11274K, committed 11520K, reserved 1048576K
}
Event: 13.544 GC heap before
{Heap before GC invocations=35 (full 0):
 garbage-first heap   total 125952K, used 99799K [0x0000000080000000, 0x0000000100000000)
  region size 1024K, 34 young (34816K), 5 survivors (5120K)
 Metaspace       used 86155K, committed 86784K, reserved 1130496K
  class space    used 11689K, committed 11968K, reserved 1048576K
}
Event: 13.554 GC heap after
{Heap after GC invocations=36 (full 0):
 garbage-first heap   total 125952K, used 76415K [0x0000000080000000, 0x0000000100000000)
  region size 1024K, 5 young (5120K), 5 survivors (5120K)
 Metaspace       used 86155K, committed 86784K, reserved 1130496K
  class space    used 11689K, committed 11968K, reserved 1048576K
}
Event: 14.100 GC heap before
{Heap before GC invocations=36 (full 0):
 garbage-first heap   total 125952K, used 100991K [0x0000000080000000, 0x0000000100000000)
  region size 1024K, 30 young (30720K), 5 survivors (5120K)
 Metaspace       used 87100K, committed 87744K, reserved 1130496K
  class space    used 11852K, committed 12096K, reserved 1048576K
}

Dll operation events (2 events):
Event: 0.016 Loaded shared library C:\Program Files\Android\Android Studio\jbr\bin\java.dll
Event: 0.432 Loaded shared library C:\Program Files\Android\Android Studio\jbr\bin\verify.dll

Deoptimization events (20 events):
Event: 13.871 Thread 0x0000016925ed5950 DEOPT PACKING pc=0x0000016912356d68 sp=0x00000051d57fe010
Event: 13.871 Thread 0x0000016925ed5950 DEOPT UNPACKING pc=0x00000169119da1a3 sp=0x00000051d57fdf28 mode 2
Event: 13.881 Thread 0x00000169265da7c0 Uncommon trap: trap_request=0xffffff45 fr.pc=0x0000016912073a88 relative=0x00000000000004c8
Event: 13.881 Thread 0x00000169265da7c0 Uncommon trap: reason=unstable_if action=reinterpret pc=0x0000016912073a88 method=java.lang.StringLatin1.compareToCI([B[B)I @ 68 c2
Event: 13.881 Thread 0x00000169265da7c0 DEOPT PACKING pc=0x0000016912073a88 sp=0x00000051d92fb680
Event: 13.881 Thread 0x00000169265da7c0 DEOPT UNPACKING pc=0x00000169119da1a3 sp=0x00000051d92fb5f8 mode 2
Event: 13.882 Thread 0x0000016925ed5950 Uncommon trap: trap_request=0xffffffc6 fr.pc=0x0000016912356d68 relative=0x0000000000000968
Event: 13.882 Thread 0x0000016925ed5950 Uncommon trap: reason=bimorphic_or_optimized_type_check action=maybe_recompile pc=0x0000016912356d68 method=java.io.BufferedInputStream.read1([BII)I @ 39 c2
Event: 13.882 Thread 0x0000016925ed5950 DEOPT PACKING pc=0x0000016912356d68 sp=0x00000051d57fe010
Event: 13.882 Thread 0x0000016925ed5950 DEOPT UNPACKING pc=0x00000169119da1a3 sp=0x00000051d57fdf28 mode 2
Event: 13.890 Thread 0x00000169265da7c0 Uncommon trap: trap_request=0xffffff45 fr.pc=0x000001691200d988 relative=0x0000000000000268
Event: 13.890 Thread 0x00000169265da7c0 Uncommon trap: reason=unstable_if action=reinterpret pc=0x000001691200d988 method=java.util.concurrent.ConcurrentHashMap.get(Ljava/lang/Object;)Ljava/lang/Object; @ 86 c2
Event: 13.890 Thread 0x00000169265da7c0 DEOPT PACKING pc=0x000001691200d988 sp=0x00000051d92fdc00
Event: 13.890 Thread 0x00000169265da7c0 DEOPT UNPACKING pc=0x00000169119da1a3 sp=0x00000051d92fdb78 mode 2
Event: 14.061 Thread 0x0000016925ed5950 Uncommon trap: trap_request=0xffffffd6 fr.pc=0x00000169123d48f4 relative=0x0000000000000e34
Event: 14.061 Thread 0x0000016925ed5950 Uncommon trap: reason=array_check action=maybe_recompile pc=0x00000169123d48f4 method=com.google.common.collect.RegularImmutableMap.fromEntryArrayCheckingBucketOverflow(I[Ljava/util/Map$Entry;Z)Lcom/google/common/collect/ImmutableMap; @ 216 c2
Event: 14.061 Thread 0x0000016925ed5950 DEOPT PACKING pc=0x00000169123d48f4 sp=0x00000051d57fe230
Event: 14.061 Thread 0x0000016925ed5950 DEOPT UNPACKING pc=0x00000169119da1a3 sp=0x00000051d57fe040 mode 2
Event: 14.092 Thread 0x000001692322a870 DEOPT PACKING pc=0x000001690b45fa17 sp=0x00000051d7ffbb90
Event: 14.092 Thread 0x000001692322a870 DEOPT UNPACKING pc=0x00000169119dace3 sp=0x00000051d7ffb058 mode 0

Classes unloaded (0 events):
No events

Classes redefined (0 events):
No events

Internal exceptions (20 events):
Event: 13.512 Thread 0x0000016922b782d0 Exception <a 'java/lang/NoSuchMethodError'{0x0000000085f64be0}: static Lorg/gradle/internal/build/event/types/DefaultTaskFinishedProgressEvent;.<clinit>()V> (0x0000000085f64be0) 
thrown [s\src\hotspot\share\prims\jni.cpp, line 1108]
Event: 13.514 Thread 0x0000016922b782d0 Exception <a 'java/lang/NoSuchMethodError'{0x0000000085f9b328}: static Lorg/gradle/internal/build/event/types/DefaultTaskSuccessResult;.<clinit>()V> (0x0000000085f9b328) 
thrown [s\src\hotspot\share\prims\jni.cpp, line 1108]
Event: 13.514 Thread 0x0000016922b782d0 Exception <a 'java/lang/NoSuchMethodError'{0x0000000085f9ca30}: static Lorg/gradle/internal/build/event/types/AbstractTaskResult;.<clinit>()V> (0x0000000085f9ca30) 
thrown [s\src\hotspot\share\prims\jni.cpp, line 1108]
Event: 13.532 Thread 0x00000169299dd900 Exception <a 'sun/nio/fs/WindowsException'{0x00000000866f5128}> (0x00000000866f5128) 
thrown [s\src\hotspot\share\prims\jni.cpp, line 517]
Event: 13.537 Thread 0x00000169299dadb0 Exception <a 'java/lang/NoSuchMethodError'{0x0000000085e9e930}: static Lcom/android/buildanalyzer/common/AndroidGradlePluginAttributionData$BuildInfo;.<clinit>()V> (0x0000000085e9e930) 
thrown [s\src\hotspot\share\prims\jni.cpp, line 1108]
Event: 13.542 Thread 0x00000169299dadb0 Exception <a 'java/lang/NoSuchMethodError'{0x0000000085ef37d8}: static Lcom/android/buildanalyzer/common/AndroidGradlePluginAttributionData$JavaInfo;.<clinit>()V> (0x0000000085ef37d8) 
thrown [s\src\hotspot\share\prims\jni.cpp, line 1108]
Event: 13.557 Thread 0x0000016922b782d0 Exception <a 'java/lang/NoSuchMethodError'{0x0000000087b843a0}: static Lorg/gradle/internal/build/event/types/DefaultTaskSkippedResult;.<clinit>()V> (0x0000000087b843a0) 
thrown [s\src\hotspot\share\prims\jni.cpp, line 1108]
Event: 13.558 Thread 0x00000169299dadb0 Exception <a 'java/lang/NoSuchMethodError'{0x0000000087bab308}: static [Ljava/lang/String;.<clinit>()V> (0x0000000087bab308) 
thrown [s\src\hotspot\share\prims\jni.cpp, line 1108]
Event: 13.559 Thread 0x00000169299dadb0 Exception <a 'java/lang/NoSuchMethodError'{0x0000000087bc8df8}: static Lcom/android/buildanalyzer/common/AndroidGradlePluginAttributionData$TaskInfo;.<clinit>()V> (0x0000000087bc8df8) 
thrown [s\src\hotspot\share\prims\jni.cpp, line 1108]
Event: 13.561 Thread 0x00000169299dadb0 Exception <a 'java/lang/NoSuchMethodError'{0x0000000087bd6d68}: static Lcom/android/buildanalyzer/common/AndroidGradlePluginAttributionData$TaskCategoryInfo;.<clinit>()V> (0x0000000087bd6d68) 
thrown [s\src\hotspot\share\prims\jni.cpp, line 1108]
Event: 13.782 Thread 0x00000169299dd900 Exception <a 'java/lang/NoSuchMethodError'{0x0000000087355380}: 'void java.lang.invoke.DirectMethodHandle$Holder.invokeStatic(java.lang.Object, java.lang.Object, java.lang.Object, java.lang.Object, int, java.lang.Object, java.lang.Object)'> (0x0000000087355380) 
thrown [s\src\hotspot\share\interpreter\linkResolver.cpp, line 771]
Event: 13.799 Thread 0x000001692322a870 Implicit null exception at 0x000001691239c45b to 0x000001691239c4e4
Event: 13.825 Thread 0x000001692322dd60 Exception <a 'java/lang/NoSuchMethodError'{0x0000000087091528}: 'java.lang.Object java.lang.invoke.DirectMethodHandle$Holder.invokeSpecialIFC(java.lang.Object, java.lang.Object, java.lang.Object)'> (0x0000000087091528) 
thrown [s\src\hotspot\share\interpreter\linkResolver.cpp, line 771]
Event: 13.825 Thread 0x000001692322a870 Exception <a 'java/lang/NoSuchMethodError'{0x0000000087072580}: 'java.lang.Object java.lang.invoke.DirectMethodHandle$Holder.invokeSpecialIFC(java.lang.Object, java.lang.Object, java.lang.Object)'> (0x0000000087072580) 
thrown [s\src\hotspot\share\interpreter\linkResolver.cpp, line 771]
Event: 13.825 Thread 0x00000169265d9950 Exception <a 'java/lang/NoSuchMethodError'{0x000000008707f628}: 'java.lang.Object java.lang.invoke.DirectMethodHandle$Holder.invokeSpecialIFC(java.lang.Object, java.lang.Object, java.lang.Object)'> (0x000000008707f628) 
thrown [s\src\hotspot\share\interpreter\linkResolver.cpp, line 771]
Event: 13.826 Thread 0x0000016923229530 Exception <a 'java/lang/NoSuchMethodError'{0x000000008709b7b0}: 'java.lang.Object java.lang.invoke.DirectMethodHandle$Holder.invokeSpecialIFC(java.lang.Object, java.lang.Object, java.lang.Object)'> (0x000000008709b7b0) 
thrown [s\src\hotspot\share\interpreter\linkResolver.cpp, line 771]
Event: 13.826 Thread 0x00000169265da7c0 Exception <a 'java/lang/NoSuchMethodError'{0x00000000870768b0}: 'java.lang.Object java.lang.invoke.DirectMethodHandle$Holder.invokeSpecialIFC(java.lang.Object, java.lang.Object, java.lang.Object)'> (0x00000000870768b0) 
thrown [s\src\hotspot\share\interpreter\linkResolver.cpp, line 771]
Event: 13.826 Thread 0x00000169265d8fb0 Exception <a 'java/lang/NoSuchMethodError'{0x000000008707bb40}: 'java.lang.Object java.lang.invoke.DirectMethodHandle$Holder.invokeSpecialIFC(java.lang.Object, java.lang.Object, java.lang.Object)'> (0x000000008707bb40) 
thrown [s\src\hotspot\share\interpreter\linkResolver.cpp, line 771]
Event: 13.826 Thread 0x000001692322a3a0 Exception <a 'java/lang/NoSuchMethodError'{0x0000000087097e00}: 'java.lang.Object java.lang.invoke.DirectMethodHandle$Holder.invokeSpecialIFC(java.lang.Object, java.lang.Object, java.lang.Object)'> (0x0000000087097e00) 
thrown [s\src\hotspot\share\interpreter\linkResolver.cpp, line 771]
Event: 13.826 Thread 0x00000169299dd900 Exception <a 'java/lang/NoSuchMethodError'{0x0000000087084448}: 'java.lang.Object java.lang.invoke.DirectMethodHandle$Holder.invokeSpecialIFC(java.lang.Object, java.lang.Object, java.lang.Object)'> (0x0000000087084448) 
thrown [s\src\hotspot\share\interpreter\linkResolver.cpp, line 771]

VM Operations (20 events):
Event: 12.945 Executing VM operation: G1Concurrent done
Event: 12.981 Executing VM operation: G1Concurrent
Event: 12.981 Executing VM operation: G1Concurrent done
Event: 13.152 Executing VM operation: HandshakeAllThreads
Event: 13.152 Executing VM operation: HandshakeAllThreads done
Event: 13.333 Executing VM operation: HandshakeAllThreads
Event: 13.333 Executing VM operation: HandshakeAllThreads done
Event: 13.395 Executing VM operation: HandshakeAllThreads
Event: 13.395 Executing VM operation: HandshakeAllThreads done
Event: 13.397 Executing VM operation: HandshakeAllThreads
Event: 13.397 Executing VM operation: HandshakeAllThreads done
Event: 13.509 Executing VM operation: HandshakeAllThreads
Event: 13.509 Executing VM operation: HandshakeAllThreads done
Event: 13.543 Executing VM operation: HandshakeAllThreads
Event: 13.543 Executing VM operation: HandshakeAllThreads done
Event: 13.544 Executing VM operation: G1CollectForAllocation
Event: 13.554 Executing VM operation: G1CollectForAllocation done
Event: 13.786 Executing VM operation: ICBufferFull
Event: 13.786 Executing VM operation: ICBufferFull done
Event: 14.100 Executing VM operation: G1CollectForAllocation

Events (20 events):
Event: 13.406 loading class java/util/TreeMap$TreeMapSpliterator done
Event: 13.406 loading class java/util/TreeMap$KeySpliterator done
Event: 13.535 loading class java/time/Clock
Event: 13.536 loading class java/time/InstantSource
Event: 13.536 loading class java/time/InstantSource done
Event: 13.536 loading class java/time/Clock done
Event: 13.536 loading class java/time/Clock$SystemClock
Event: 13.537 loading class java/time/Clock$SystemClock done
Event: 13.557 loading class java/io/ObjectStreamClass$ExceptionInfo
Event: 13.558 loading class java/io/ObjectStreamClass$ExceptionInfo done
Event: 13.866 loading class java/util/stream/ReferencePipeline$4
Event: 13.867 loading class java/util/stream/ReferencePipeline$4 done
Event: 13.867 loading class java/util/function/IntBinaryOperator
Event: 13.867 loading class java/util/function/IntBinaryOperator done
Event: 13.867 loading class java/util/stream/ReduceOps$6
Event: 13.868 loading class java/util/stream/ReduceOps$6 done
Event: 13.868 loading class java/util/stream/ReduceOps$5ReducingSink
Event: 13.868 loading class java/util/stream/ReduceOps$5ReducingSink done
Event: 13.868 loading class java/util/stream/ReferencePipeline$4$1
Event: 13.868 loading class java/util/stream/ReferencePipeline$4$1 done


Dynamic libraries:
0x00007ff626170000 - 0x00007ff62617a000 	C:\Program Files\Android\Android Studio\jbr\bin\java.exe
0x00007fffaf5f0000 - 0x00007fffaf804000 	C:\WINDOWS\SYSTEM32\ntdll.dll
0x00007fffad820000 - 0x00007fffad8e4000 	C:\WINDOWS\System32\KERNEL32.DLL
0x00007fffacc30000 - 0x00007fffacfd4000 	C:\WINDOWS\System32\KERNELBASE.dll
0x00007fffad150000 - 0x00007fffad261000 	C:\WINDOWS\System32\ucrtbase.dll
0x00007fff6c800000 - 0x00007fff6c81b000 	C:\Program Files\Android\Android Studio\jbr\bin\VCRUNTIME140.dll
0x00007fffa0f00000 - 0x00007fffa0f17000 	C:\Program Files\Android\Android Studio\jbr\bin\jli.dll
0x00007fffad8f0000 - 0x00007fffada9e000 	C:\WINDOWS\System32\USER32.dll
0x00007fffac9a0000 - 0x00007fffac9c6000 	C:\WINDOWS\System32\win32u.dll
0x00007fff7f660000 - 0x00007fff7f8f3000 	C:\WINDOWS\WinSxS\amd64_microsoft.windows.common-controls_6595b64144ccf1df_6.0.22621.2215_none_270d72677387dfc3\COMCTL32.dll
0x00007fffad7e0000 - 0x00007fffad809000 	C:\WINDOWS\System32\GDI32.dll
0x00007fffadba0000 - 0x00007fffadc47000 	C:\WINDOWS\System32\msvcrt.dll
0x00007fffacb10000 - 0x00007fffacc28000 	C:\WINDOWS\System32\gdi32full.dll
0x00007fffad2e0000 - 0x00007fffad37a000 	C:\WINDOWS\System32\msvcp_win.dll
0x00007fffae1d0000 - 0x00007fffae201000 	C:\WINDOWS\System32\IMM32.DLL
0x00007fff6c7f0000 - 0x00007fff6c7fc000 	C:\Program Files\Android\Android Studio\jbr\bin\vcruntime140_1.dll
0x00007fff1fc00000 - 0x00007fff1fc8d000 	C:\Program Files\Android\Android Studio\jbr\bin\msvcp140.dll
0x00007fff2d300000 - 0x00007fff2df6d000 	C:\Program Files\Android\Android Studio\jbr\bin\server\jvm.dll
0x00007fffadc70000 - 0x00007fffadd20000 	C:\WINDOWS\System32\ADVAPI32.dll
0x00007fffaf470000 - 0x00007fffaf516000 	C:\WINDOWS\System32\sechost.dll
0x00007fffadd20000 - 0x00007fffade37000 	C:\WINDOWS\System32\RPCRT4.dll
0x00007fff812f0000 - 0x00007fff812f9000 	C:\WINDOWS\SYSTEM32\WSOCK32.dll
0x00007fffa2e80000 - 0x00007fffa2eb4000 	C:\WINDOWS\SYSTEM32\WINMM.dll
0x00007fffa3260000 - 0x00007fffa326a000 	C:\WINDOWS\SYSTEM32\VERSION.dll
0x00007fffad5c0000 - 0x00007fffad631000 	C:\WINDOWS\System32\WS2_32.dll
0x00007fffab9f0000 - 0x00007fffaba08000 	C:\WINDOWS\SYSTEM32\kernel.appcore.dll
0x00007fff74770000 - 0x00007fff7477a000 	C:\Program Files\Android\Android Studio\jbr\bin\jimage.dll
0x00007fffaa200000 - 0x00007fffaa42e000 	C:\WINDOWS\SYSTEM32\DBGHELP.DLL
0x00007fffade40000 - 0x00007fffae1ca000 	C:\WINDOWS\System32\combase.dll
0x00007fffaeb90000 - 0x00007fffaec67000 	C:\WINDOWS\System32\OLEAUT32.dll
0x00007fff814d0000 - 0x00007fff81502000 	C:\WINDOWS\SYSTEM32\dbgcore.DLL
0x00007fffac9d0000 - 0x00007fffaca4a000 	C:\WINDOWS\System32\bcryptPrimitives.dll
0x00007fff742f0000 - 0x00007fff74315000 	C:\Program Files\Android\Android Studio\jbr\bin\java.dll
0x00007fff74750000 - 0x00007fff74768000 	C:\Program Files\Android\Android Studio\jbr\bin\zip.dll
0x00007fffae210000 - 0x00007fffaea33000 	C:\WINDOWS\System32\SHELL32.dll
0x00007fffaa8e0000 - 0x00007fffab1ca000 	C:\WINDOWS\SYSTEM32\windows.storage.dll
0x00007fffaa7a0000 - 0x00007fffaa8de000 	C:\WINDOWS\SYSTEM32\wintypes.dll
0x00007fffadaa0000 - 0x00007fffadb93000 	C:\WINDOWS\System32\SHCORE.dll
0x00007fffaef90000 - 0x00007fffaefee000 	C:\WINDOWS\System32\shlwapi.dll
0x00007fffac8d0000 - 0x00007fffac8f6000 	C:\WINDOWS\SYSTEM32\profapi.dll
0x00007fff742d0000 - 0x00007fff742e9000 	C:\Program Files\Android\Android Studio\jbr\bin\net.dll
0x00007fffa5e10000 - 0x00007fffa5f47000 	C:\WINDOWS\SYSTEM32\WINHTTP.dll
0x00007fffabe70000 - 0x00007fffabed9000 	C:\WINDOWS\system32\mswsock.dll
0x00007fff742b0000 - 0x00007fff742c6000 	C:\Program Files\Android\Android Studio\jbr\bin\nio.dll
0x00007fff6ecf0000 - 0x00007fff6ed00000 	C:\Program Files\Android\Android Studio\jbr\bin\verify.dll
0x00007fff9c990000 - 0x00007fff9c9b7000 	C:\Users\elvis\.gradle\native\68d5fa5c4cc2d200863cafc0d521ce42e7d3e7ee720ec0a83991735586a16f82\windows-amd64\native-platform.dll
0x00007fff94c50000 - 0x00007fff94d94000 	C:\Users\elvis\.gradle\native\e376f236ea51e6404a007f0833ffe2c6e607c4080706a723a18a27aeea778392\windows-amd64\native-platform-file-events.dll
0x00007fff742a0000 - 0x00007fff742a9000 	C:\Program Files\Android\Android Studio\jbr\bin\management.dll
0x00007fff72590000 - 0x00007fff7259b000 	C:\Program Files\Android\Android Studio\jbr\bin\management_ext.dll
0x00007fffad380000 - 0x00007fffad388000 	C:\WINDOWS\System32\PSAPI.DLL
0x00007fffac0d0000 - 0x00007fffac0eb000 	C:\WINDOWS\SYSTEM32\CRYPTSP.dll
0x00007fffab940000 - 0x00007fffab975000 	C:\WINDOWS\system32\rsaenh.dll
0x00007fffabf60000 - 0x00007fffabf8c000 	C:\WINDOWS\SYSTEM32\USERENV.dll
0x00007fffac2d0000 - 0x00007fffac2f8000 	C:\WINDOWS\SYSTEM32\bcrypt.dll
0x00007fffac0c0000 - 0x00007fffac0cc000 	C:\WINDOWS\SYSTEM32\CRYPTBASE.dll
0x00007fffab430000 - 0x00007fffab45d000 	C:\WINDOWS\SYSTEM32\IPHLPAPI.DLL
0x00007fffadc50000 - 0x00007fffadc59000 	C:\WINDOWS\System32\NSI.dll
0x00007fffa3270000 - 0x00007fffa3289000 	C:\WINDOWS\SYSTEM32\dhcpcsvc6.DLL
0x00007fffa31c0000 - 0x00007fffa31df000 	C:\WINDOWS\SYSTEM32\dhcpcsvc.DLL
0x00007fffab460000 - 0x00007fffab552000 	C:\WINDOWS\SYSTEM32\DNSAPI.dll
0x00007fff88980000 - 0x00007fff88988000 	C:\WINDOWS\system32\wshunix.dll

dbghelp: loaded successfully - version: 4.0.5 - missing functions: none
symbol engine: initialized successfully - sym options: 0x614 - pdb path: .;C:\Program Files\Android\Android Studio\jbr\bin;C:\WINDOWS\SYSTEM32;C:\WINDOWS\WinSxS\amd64_microsoft.windows.common-controls_6595b64144ccf1df_6.0.22621.2215_none_270d72677387dfc3;C:\Program Files\Android\Android Studio\jbr\bin\server;C:\Users\elvis\.gradle\native\68d5fa5c4cc2d200863cafc0d521ce42e7d3e7ee720ec0a83991735586a16f82\windows-amd64;C:\Users\elvis\.gradle\native\e376f236ea51e6404a007f0833ffe2c6e607c4080706a723a18a27aeea778392\windows-amd64

VM Arguments:
jvm_args: --add-opens=java.base/java.util=ALL-UNNAMED --add-opens=java.base/java.lang=ALL-UNNAMED --add-opens=java.base/java.lang.invoke=ALL-UNNAMED --add-opens=java.prefs/java.util.prefs=ALL-UNNAMED --add-opens=java.base/java.nio.charset=ALL-UNNAMED --add-opens=java.base/java.net=ALL-UNNAMED --add-opens=java.base/java.util.concurrent.atomic=ALL-UNNAMED -Xmx2048m -Dfile.encoding=UTF-8 -Duser.country=SV -Duser.language=es -Duser.variant 
java_command: org.gradle.launcher.daemon.bootstrap.GradleDaemon 8.0
java_class_path (initial): C:\Users\elvis\.gradle\wrapper\dists\gradle-8.0-bin\ca5e32bp14vu59qr306oxotwh\gradle-8.0\lib\gradle-launcher-8.0.jar
Launcher Type: SUN_STANDARD

[Global flags]
     intx CICompilerCount                          = 4                                         {product} {ergonomic}
     uint ConcGCThreads                            = 2                                         {product} {ergonomic}
     uint G1ConcRefinementThreads                  = 8                                         {product} {ergonomic}
   size_t G1HeapRegionSize                         = 1048576                                   {product} {ergonomic}
    uintx GCDrainStackTargetSize                   = 64                                        {product} {ergonomic}
   size_t InitialHeapSize                          = 130023424                                 {product} {ergonomic}
   size_t MarkStackSize                            = 4194304                                   {product} {ergonomic}
   size_t MaxHeapSize                              = 2147483648                                {product} {command line}
   size_t MaxNewSize                               = 1287651328                                {product} {ergonomic}
   size_t MinHeapDeltaBytes                        = 1048576                                   {product} {ergonomic}
   size_t MinHeapSize                              = 8388608                                   {product} {ergonomic}
    uintx NonNMethodCodeHeapSize                   = 5839372                                {pd product} {ergonomic}
    uintx NonProfiledCodeHeapSize                  = 122909434                              {pd product} {ergonomic}
    uintx ProfiledCodeHeapSize                     = 122909434                              {pd product} {ergonomic}
    uintx ReservedCodeCacheSize                    = 251658240                              {pd product} {ergonomic}
     bool SegmentedCodeCache                       = true                                      {product} {ergonomic}
   size_t SoftMaxHeapSize                          = 2147483648                             {manageable} {ergonomic}
     bool UseCompressedClassPointers               = true                           {product lp64_product} {ergonomic}
     bool UseCompressedOops                        = true                           {product lp64_product} {ergonomic}
     bool UseG1GC                                  = true                                      {product} {ergonomic}
     bool UseLargePagesIndividualAllocation        = false                                  {pd product} {ergonomic}

Logging:
Log output configuration:
 #0: stdout all=warning uptime,level,tags
 #1: stderr all=off uptime,level,tags

Environment Variables:
PATH=C:\Program Files\Common Files\Oracle\Java\javapath;C:\Program Files (x86)\Common Files\Oracle\Java\javapath;C:\Program Files (x86)\Razer Chroma SDK\bin;C:\Program Files\Razer Chroma SDK\bin;C:\Program Files (x86)\Razer\ChromaBroadcast\bin;C:\Program Files\Razer\ChromaBroadcast\bin;C:\Program Files\Microsoft\jdk-11.0.16.101-hotspot\bin;C:\WINDOWS\system32;C:\WINDOWS;C:\WINDOWS\System32\Wbem;C:\WINDOWS\System32\WindowsPowerShell\v1.0\;C:\WINDOWS\System32\OpenSSH\;C:\Program Files\dotnet\;C:\Program Files\Microsoft SQL Server\150\Tools\Binn\;C:\Program Files\Microsoft SQL Server\Client SDK\ODBC\170\Tools\Binn\;C:\Program Files (x86)\Microsoft SQL Server\160\Tools\Binn\;C:\Program Files\Microsoft SQL Server\160\Tools\Binn\;C:\Program Files\Microsoft SQL Server\160\DTS\Binn\;C:\Program Files (x86)\Microsoft SQL Server\160\DTS\Binn\;C:\Program Files\Azure Data Studio\bin;C:\WINDOWS\system32\config\systemprofile\AppData\Local\Microsoft\WindowsApps;C:\Program Files\Git\cmd;C:\Users\elvis\AppData\Local\Microsoft\WindowsApps;;C:\Users\elvis\AppData\Local\Programs\Microsoft VS Code\bin;C:\Users\elvis\.dotnet\tools;C:\Program Files\Azure Data Studio\bin
USERNAME=elvis
OS=Windows_NT
PROCESSOR_IDENTIFIER=Intel64 Family 6 Model 140 Stepping 1, GenuineIntel
TMP=C:\Users\elvis\AppData\Local\Temp
TEMP=C:\Users\elvis\AppData\Local\Temp



---------------  S Y S T E M  ---------------

OS:
 Windows 11 , 64 bit Build 22621 (10.0.22621.2215)
OS uptime: 0 days 13:47 hours
Hyper-V role detected

CPU: total 8 (initial active 8) (4 cores per cpu, 2 threads per core) family 6 model 140 stepping 1 microcode 0xac, cx8, cmov, fxsr, ht, mmx, 3dnowpref, sse, sse2, sse3, ssse3, sse4.1, sse4.2, popcnt, lzcnt, tsc, tscinvbit, avx, avx2, aes, erms, clmul, bmi1, bmi2, adx, avx512f, avx512dq, avx512cd, avx512bw, avx512vl, sha, fma, vzeroupper, avx512_vpopcntdq, avx512_vpclmulqdq, avx512_vaes, avx512_vnni, clflush, clflushopt, clwb, avx512_vbmi2, avx512_vbmi, hv

Memory: 4k page, system-wide physical 7926M (318M free)
TotalPageFile size 32502M (AvailPageFile size 99M)
current process WorkingSet (physical memory assigned to process): 371M, peak: 374M
current process commit charge ("private bytes"): 407M, peak: 548M

vm_info: OpenJDK 64-Bit Server VM (17.0.6+0-b2043.56-9586694) for windows-amd64 JRE (17.0.6+0-b2043.56-9586694), built on Feb  9 2023 20:06:20 by "androidbuild" with MS VC++ 16.10 / 16.11 (VS2019)

END.
